[0718/114903:ERROR:scoped_process_suspend.cc(29)] NtSuspendProcess, ntstatus=-1073741558
[0718/114903:ERROR:process_info.cc(103)] ReadProcessMemory bool __cdecl crashpad::`anonymous-namespace'::ReadStruct<struct crashpad::process_types::PEB<struct crashpad::process_types::internal::Traits32>>(void *,unsigned __int64,struct crashpad::process_types::PEB<struct crashpad::process_types::internal::Traits32> *): Only part of a ReadProcessMemory or WriteProcessMemory request was completed. (0x12B)
[0718/114903:ERROR:process_info.cc(542)] ReadProcessData failed
[0718/114903:ERROR:process_info.cc(608)] range at 0x7ffdf000, size 0x230 fully unreadable
[0718/114903:ERROR:process_reader_win.cc(232)] ReadMemory at 0x7ffdf000 of 560 bytes failed: Only part of a ReadProcessMemory or WriteProcessMemory request was completed. (0x12B)
[0718/114903:ERROR:process_snapshot_win.cc(349)] ReadMemory PEB
[0718/114903:ERROR:process_reader_win.cc(232)] ReadMemory at 0x7722a000 of 5888 bytes failed: Only part of a ReadProcessMemory or WriteProcessMemory request was completed. (0x12B)
[0718/114903:ERROR:process_reader_win.cc(98)] process 1476 not found
[0718/114903:ERROR:process_reader_win.cc(232)] ReadMemory at 0x41c374 of 12 bytes failed: Only part of a ReadProcessMemory or WriteProcessMemory request was completed. (0x12B)
[0718/114903:WARNING:process_snapshot_win.cc(102)] ReadMemory ExceptionInformation failed
[0718/114903:WARNING:crash_report_exception_handler.cc(60)] ProcessSnapshotWin::InitializeException failed
[0718/114903:ERROR:scoped_process_suspend.cc(38)] NtResumeProcess, ntstatus=-1073741558
[0718/165442:ERROR:scoped_process_suspend.cc(29)] NtSuspendProcess, ntstatus=-1073741558
[0718/165442:ERROR:process_info.cc(103)] ReadProcessMemory bool __cdecl crashpad::`anonymous-namespace'::ReadStruct<struct crashpad::process_types::PEB<struct crashpad::process_types::internal::Traits32>>(void *,unsigned __int64,struct crashpad::process_types::PEB<struct crashpad::process_types::internal::Traits32> *): Only part of a ReadProcessMemory or WriteProcessMemory request was completed. (0x12B)
[0718/165442:ERROR:process_info.cc(542)] ReadProcessData failed
[0718/165442:ERROR:process_info.cc(608)] range at 0x7ffdd000, size 0x230 fully unreadable
[0718/165442:ERROR:process_reader_win.cc(232)] ReadMemory at 0x7ffdd000 of 560 bytes failed: Only part of a ReadProcessMemory or WriteProcessMemory request was completed. (0x12B)
[0718/165442:ERROR:process_snapshot_win.cc(349)] ReadMemory PEB
[0718/165442:ERROR:process_reader_win.cc(232)] ReadMemory at 0x7722a000 of 5888 bytes failed: Only part of a ReadProcessMemory or WriteProcessMemory request was completed. (0x12B)
[0718/165442:ERROR:process_reader_win.cc(98)] process 8120 not found
[0718/165442:ERROR:process_reader_win.cc(232)] ReadMemory at 0x128c374 of 12 bytes failed: Only part of a ReadProcessMemory or WriteProcessMemory request was completed. (0x12B)
[0718/165442:WARNING:process_snapshot_win.cc(102)] ReadMemory ExceptionInformation failed
[0718/165442:WARNING:crash_report_exception_handler.cc(60)] ProcessSnapshotWin::InitializeException failed
[0718/165442:ERROR:scoped_process_suspend.cc(38)] NtResumeProcess, ntstatus=-1073741558
